<?xml version="1.0" encoding="UTF-8"?>
<testng-results skipped="0" failed="0" ignored="0" total="1" passed="1">
  <reporter-output>
    <line>
      <![CDATA[<div "featureFile">Feature File: src&#x2F;test&#x2F;java&#x2F;com&#x2F;features&#x2F;demo.feature</div>]]>
    </line>
    <line>
      <![CDATA[<div "feature">Feature: Registration of demo site</div>]]>
    </line>
    <line>
      <![CDATA[<div "scenarioOutline">Scenario Outline: Filling details using demo site</div>]]>
    </line>
    <line>
      <![CDATA[<div "scenario">Scenario Outline: Filling details using demo site</div>]]>
    </line>
    <line>
      <![CDATA[<div "result">Given  User launch the browser and navigate to demo site (passed : 7s)</div>]]>
    </line>
    <line>
      <![CDATA[<div "result">Then  User will enter all the required fields (passed : 0s)</div>]]>
    </line>
    <line>
      <![CDATA[<div "result">And  click on &quot;&lt;gender&gt;&quot; and &quot;radiobuttons&quot; (passed : 0s)</div>]]>
    </line>
    <line>
      <![CDATA[<div "result">And  click on &quot;&lt;hobbies&gt;&quot; and &quot;hobbies&quot; (passed : 0s)</div>]]>
    </line>
    <line>
      <![CDATA[<div "result">And  select languange in the list (passed : 0s)</div>]]>
    </line>
    <line>
      <![CDATA[<div "result">And  also select &quot;&lt;Skills&gt;&quot; from dropdown of &quot;skills&quot; field (passed : 0s)</div>]]>
    </line>
    <line>
      <![CDATA[<div "result">And  also select &quot;&lt;country&gt;&quot; from dropdown of &quot;country&quot; field (passed : 0s)</div>]]>
    </line>
    <line>
      <![CDATA[<div "result">And  Enter the &quot;&lt;SelectCountry&gt;&quot; by &quot;clicking&quot; the column and &quot;Enter&quot; (passed : 0s)</div>]]>
    </line>
    <line>
      <![CDATA[<div "result">And  also select &quot;&lt;year&gt;&quot; from dropdown of &quot;Year&quot; field (passed : 0s)</div>]]>
    </line>
    <line>
      <![CDATA[<div "result">And  also select &quot;&lt;month&gt;&quot; from dropdown of &quot;Month&quot; field (passed : 0s)</div>]]>
    </line>
    <line>
      <![CDATA[<div "result">And  also select &quot;&lt;day&gt;&quot; from dropdown of &quot;Day&quot; field (passed : 0s)</div>]]>
    </line>
    <line>
      <![CDATA[<div "result">And  Enter the password and confirm password (passed : 0s)</div>]]>
    </line>
    <line>
      <![CDATA[<div "result">Then  click on the &quot;Submit&quot; button (passed : 0s)</div>]]>
    </line>
    <line>
      <![CDATA[<div "result">Then  take a screen shot and validate the scenario (passed : 0s)</div>]]>
    </line>
  </reporter-output>
  <suite name="Default suite" duration-ms="20288" started-at="2020-05-27T05:54:46Z" finished-at="2020-05-27T05:55:07Z">
    <groups>
      <group name="cucumber">
        <method signature="AbstractTestNGCucumberTests.run_cukes()[pri:0, instance:com.runner.runner@18eed359]" name="run_cukes" class="cucumber.api.testng.AbstractTestNGCucumberTests"/>
      </group> <!-- cucumber -->
    </groups>
    <test name="Default test" duration-ms="20288" started-at="2020-05-27T05:54:46Z" finished-at="2020-05-27T05:55:07Z">
      <class name="com.runner.runner">
        <test-method status="PASS" signature="run_cukes()[pri:0, instance:com.runner.runner@18eed359]" name="run_cukes" duration-ms="20264" started-at="2020-05-27T05:54:46Z" description="Runs Cucumber Features" finished-at="2020-05-27T05:55:07Z">
          <reporter-output>
            <line>
              <![CDATA[<div "featureFile">Feature File: src&#x2F;test&#x2F;java&#x2F;com&#x2F;features&#x2F;demo.feature</div>]]>
            </line>
            <line>
              <![CDATA[<div "feature">Feature: Registration of demo site</div>]]>
            </line>
            <line>
              <![CDATA[<div "scenarioOutline">Scenario Outline: Filling details using demo site</div>]]>
            </line>
            <line>
              <![CDATA[<div "scenario">Scenario Outline: Filling details using demo site</div>]]>
            </line>
            <line>
              <![CDATA[<div "result">Given  User launch the browser and navigate to demo site (passed : 7s)</div>]]>
            </line>
            <line>
              <![CDATA[<div "result">Then  User will enter all the required fields (passed : 0s)</div>]]>
            </line>
            <line>
              <![CDATA[<div "result">And  click on &quot;&lt;gender&gt;&quot; and &quot;radiobuttons&quot; (passed : 0s)</div>]]>
            </line>
            <line>
              <![CDATA[<div "result">And  click on &quot;&lt;hobbies&gt;&quot; and &quot;hobbies&quot; (passed : 0s)</div>]]>
            </line>
            <line>
              <![CDATA[<div "result">And  select languange in the list (passed : 0s)</div>]]>
            </line>
            <line>
              <![CDATA[<div "result">And  also select &quot;&lt;Skills&gt;&quot; from dropdown of &quot;skills&quot; field (passed : 0s)</div>]]>
            </line>
            <line>
              <![CDATA[<div "result">And  also select &quot;&lt;country&gt;&quot; from dropdown of &quot;country&quot; field (passed : 0s)</div>]]>
            </line>
            <line>
              <![CDATA[<div "result">And  Enter the &quot;&lt;SelectCountry&gt;&quot; by &quot;clicking&quot; the column and &quot;Enter&quot; (passed : 0s)</div>]]>
            </line>
            <line>
              <![CDATA[<div "result">And  also select &quot;&lt;year&gt;&quot; from dropdown of &quot;Year&quot; field (passed : 0s)</div>]]>
            </line>
            <line>
              <![CDATA[<div "result">And  also select &quot;&lt;month&gt;&quot; from dropdown of &quot;Month&quot; field (passed : 0s)</div>]]>
            </line>
            <line>
              <![CDATA[<div "result">And  also select &quot;&lt;day&gt;&quot; from dropdown of &quot;Day&quot; field (passed : 0s)</div>]]>
            </line>
            <line>
              <![CDATA[<div "result">And  Enter the password and confirm password (passed : 0s)</div>]]>
            </line>
            <line>
              <![CDATA[<div "result">Then  click on the &quot;Submit&quot; button (passed : 0s)</div>]]>
            </line>
            <line>
              <![CDATA[<div "result">Then  take a screen shot and validate the scenario (passed : 0s)</div>]]>
            </line>
          </reporter-output>
        </test-method> <!-- run_cukes -->
      </class> <!-- com.runner.runner -->
    </test> <!-- Default test -->
  </suite> <!-- Default suite -->
</testng-results>
